Performing C SOURCE FILE Test CMAKE_HAVE_LIBC_PTHREAD failed with the following output:
Change Dir: /home/qyh/Desktop/Ceres_Tutorial/01_Hello_world/build/CMakeFiles/CMakeTmp

Run Build Command(s):/usr/bin/make cmTC_05ad2/fast && /usr/bin/make -f CMakeFiles/cmTC_05ad2.dir/build.make CMakeFiles/cmTC_05ad2.dir/build
make[1]: Entering directory '/home/qyh/Desktop/Ceres_Tutorial/01_Hello_world/build/CMakeFiles/CMakeTmp'
Building C object CMakeFiles/cmTC_05ad2.dir/src.c.o
/usr/bin/cc   -DCMAKE_HAVE_LIBC_PTHREAD   -o CMakeFiles/cmTC_05ad2.dir/src.c.o   -c /home/qyh/Desktop/Ceres_Tutorial/01_Hello_world/build/CMakeFiles/CMakeTmp/src.c
Linking C executable cmTC_05ad2
/usr/bin/cmake -E cmake_link_script CMakeFiles/cmTC_05ad2.dir/link.txt --verbose=1
/usr/bin/cc  -DCMAKE_HAVE_LIBC_PTHREAD    CMakeFiles/cmTC_05ad2.dir/src.c.o  -o cmTC_05ad2 
/usr/bin/ld: CMakeFiles/cmTC_05ad2.dir/src.c.o: in function `main':
src.c:(.text+0x46): undefined reference to `pthread_create'
/usr/bin/ld: src.c:(.text+0x52): undefined reference to `pthread_detach'
/usr/bin/ld: src.c:(.text+0x63): undefined reference to `pthread_join'
collect2: error: ld returned 1 exit status
make[1]: *** [CMakeFiles/cmTC_05ad2.dir/build.make:87: cmTC_05ad2] Error 1
make[1]: Leaving directory '/home/qyh/Desktop/Ceres_Tutorial/01_Hello_world/build/CMakeFiles/CMakeTmp'
make: *** [Makefile:121: cmTC_05ad2/fast] Error 2


Source file was:
#include <pthread.h>

void* test_func(void* data)
{
  return data;
}

int main(void)
{
  pthread_t thread;
  pthread_create(&thread, NULL, test_func, NULL);
  pthread_detach(thread);
  pthread_join(thread, NULL);
  pthread_atfork(NULL, NULL, NULL);
  pthread_exit(NULL);

  return 0;
}

Determining if the function pthread_create exists in the pthreads failed with the following output:
Change Dir: /home/qyh/Desktop/Ceres_Tutorial/01_Hello_world/build/CMakeFiles/CMakeTmp

Run Build Command(s):/usr/bin/make cmTC_8ad39/fast && /usr/bin/make -f CMakeFiles/cmTC_8ad39.dir/build.make CMakeFiles/cmTC_8ad39.dir/build
make[1]: Entering directory '/home/qyh/Desktop/Ceres_Tutorial/01_Hello_world/build/CMakeFiles/CMakeTmp'
Building C object CMakeFiles/cmTC_8ad39.dir/CheckFunctionExists.c.o
/usr/bin/cc   -DCHECK_FUNCTION_EXISTS=pthread_create   -o CMakeFiles/cmTC_8ad39.dir/CheckFunctionExists.c.o   -c /usr/share/cmake-3.16/Modules/CheckFunctionExists.c
Linking C executable cmTC_8ad39
/usr/bin/cmake -E cmake_link_script CMakeFiles/cmTC_8ad39.dir/link.txt --verbose=1
/usr/bin/cc  -DCHECK_FUNCTION_EXISTS=pthread_create    CMakeFiles/cmTC_8ad39.dir/CheckFunctionExists.c.o  -o cmTC_8ad39  -lpthreads 
/usr/bin/ld: cannot find -lpthreads
collect2: error: ld returned 1 exit status
make[1]: *** [CMakeFiles/cmTC_8ad39.dir/build.make:87: cmTC_8ad39] Error 1
make[1]: Leaving directory '/home/qyh/Desktop/Ceres_Tutorial/01_Hello_world/build/CMakeFiles/CMakeTmp'
make: *** [Makefile:121: cmTC_8ad39/fast] Error 2



Determining if the function sgemm_ exists failed with the following output:
Change Dir: /home/qyh/Desktop/Ceres_Tutorial/01_Hello_world/build/CMakeFiles/CMakeTmp

Run Build Command(s):/usr/bin/make cmTC_e376b/fast && /usr/bin/make -f CMakeFiles/cmTC_e376b.dir/build.make CMakeFiles/cmTC_e376b.dir/build
make[1]: Entering directory '/home/qyh/Desktop/Ceres_Tutorial/01_Hello_world/build/CMakeFiles/CMakeTmp'
Building C object CMakeFiles/cmTC_e376b.dir/CheckFunctionExists.c.o
/usr/bin/cc   -DCHECK_FUNCTION_EXISTS=sgemm_   -o CMakeFiles/cmTC_e376b.dir/CheckFunctionExists.c.o   -c /usr/share/cmake-3.16/Modules/CheckFunctionExists.c
Linking C executable cmTC_e376b
/usr/bin/cmake -E cmake_link_script CMakeFiles/cmTC_e376b.dir/link.txt --verbose=1
/usr/bin/cc  -DCHECK_FUNCTION_EXISTS=sgemm_    CMakeFiles/cmTC_e376b.dir/CheckFunctionExists.c.o  -o cmTC_e376b 
/usr/bin/ld: CMakeFiles/cmTC_e376b.dir/CheckFunctionExists.c.o: in function `main':
CheckFunctionExists.c:(.text+0x14): undefined reference to `sgemm_'
collect2: error: ld returned 1 exit status
make[1]: *** [CMakeFiles/cmTC_e376b.dir/build.make:87: cmTC_e376b] Error 1
make[1]: Leaving directory '/home/qyh/Desktop/Ceres_Tutorial/01_Hello_world/build/CMakeFiles/CMakeTmp'
make: *** [Makefile:121: cmTC_e376b/fast] Error 2



Determining if the function cheev_ exists failed with the following output:
Change Dir: /home/qyh/Desktop/Ceres_Tutorial/01_Hello_world/build/CMakeFiles/CMakeTmp

Run Build Command(s):/usr/bin/make cmTC_e4c86/fast && /usr/bin/make -f CMakeFiles/cmTC_e4c86.dir/build.make CMakeFiles/cmTC_e4c86.dir/build
make[1]: Entering directory '/home/qyh/Desktop/Ceres_Tutorial/01_Hello_world/build/CMakeFiles/CMakeTmp'
Building C object CMakeFiles/cmTC_e4c86.dir/CheckFunctionExists.c.o
/usr/bin/cc   -DCHECK_FUNCTION_EXISTS=cheev_   -o CMakeFiles/cmTC_e4c86.dir/CheckFunctionExists.c.o   -c /usr/share/cmake-3.16/Modules/CheckFunctionExists.c
Linking C executable cmTC_e4c86
/usr/bin/cmake -E cmake_link_script CMakeFiles/cmTC_e4c86.dir/link.txt --verbose=1
/usr/bin/cc  -DCHECK_FUNCTION_EXISTS=cheev_    CMakeFiles/cmTC_e4c86.dir/CheckFunctionExists.c.o  -o cmTC_e4c86  /usr/lib/x86_64-linux-gnu/libf77blas.so /usr/lib/x86_64-linux-gnu/libatlas.so 
/usr/bin/ld: CMakeFiles/cmTC_e4c86.dir/CheckFunctionExists.c.o: in function `main':
CheckFunctionExists.c:(.text+0x14): undefined reference to `cheev_'
collect2: error: ld returned 1 exit status
make[1]: *** [CMakeFiles/cmTC_e4c86.dir/build.make:89: cmTC_e4c86] Error 1
make[1]: Leaving directory '/home/qyh/Desktop/Ceres_Tutorial/01_Hello_world/build/CMakeFiles/CMakeTmp'
make: *** [Makefile:121: cmTC_e4c86/fast] Error 2



